<?xml version="1.0" encoding="UTF-8"?>
<!-- Generated by org.testng.reporters.JUnitXMLReporter -->
<testsuite ignored="0" hostname="Sreekanth_Yedla" failures="0" tests="4" name="Test2" time="0.031" errors="0" timestamp="2022-12-02T16:54:08 IST">
  <testcase classname="com.pratice.practice.TestngPractice1" name="test5" time="0.002"/>
  <testcase classname="com.pratice.practice.TestngPractice1" name="test6" time="0.002"/>
  <testcase classname="com.pratice.practice.TestNgPractice2" name="test5" time="0.002"/>
  <testcase classname="com.pratice.practice.TestNgPractice2" name="test6" time="0.001"/>
</testsuite> <!-- Test2 -->
